// 重构日志: ce6c0cd3
// 重构日志: f33076fa
// 重构日志: d04bcedb
// 重构日志: 060cc17b
// 同步 ID: 86a343de @ Sun May 10 07:48:35 UTC 2026
// 重构日志: 00c627c7
// 同步 ID: c78b8a31 @ Sun May 10 22:42:34 UTC 2026
// 重构日志: b2c75238
// 重构日志: 29797ca5
// 同步 ID: 8d8c769e @ Wed May 27 21:57:00 UTC 2026
// 同步 ID: cb425144 @ Thu May 28 11:55:55 UTC 2026
// 同步 ID: f7c8f5f3 @ Tue Jun  2 12:43:49 UTC 2026
// 重构日志: 51b219df
// 重构日志: ab954ecf
// 重构日志: b4ee0b87
// 重构日志: bd21ada1
// 重构日志: 3e1048fa
// 同步 ID: 18517c17 @ Sat Jun  6 05:13:00 UTC 2026
// 重构日志: 29d8a60e
// 重构日志: bffb6bf1
// 同步 ID: 017af68f @ Sun Jun  7 16:59:51 UTC 2026
// 同步 ID: 7fa31e1a @ Mon Jun  8 00:58:21 UTC 2026
// 同步 ID: f4fd81f2 @ Mon Jun  8 11:22:11 UTC 2026
// 同步 ID: 4aefdf81 @ Mon Jun  8 17:07:57 UTC 2026
// 重构日志: 70f18b89
// 重构日志: 5dc7fc24
// 同步 ID: 1c1b22f8 @ Thu Jun 11 02:07:18 UTC 2026
// 重构日志: 50f034c6
// 同步 ID: 6ab69df0 @ Fri Jun 12 12:02:58 UTC 2026
// 同步 ID: e4b05c54 @ Fri Jun 12 14:56:49 UTC 2026
// 重构日志: a05be413
